<?xml version="1.0" encoding="UTF-8"?>
<testsuite xmlns:xsi="http://www.w3.org/2001/XMLSchema-instance" xsi:noNamespaceSchemaLocation="https://maven.apache.org/surefire/maven-surefire-plugin/xsd/surefire-test-report-3.0.xsd" version="3.0" name="com.example.trainingplanner.service.TrainingPlanServiceTest" time="0.339" tests="2" errors="0" skipped="0" failures="0">
  <properties>
[...]
</properties>
  <testcase name="generatePlan_withOddPlayers_shouldHaveUnpairedPlayers" classname="com.example.trainingplanner.service.TrainingPlanServiceTest" time="0.229">
    <system-out><![CDATA[=== Rotating Unpaired Players (N=1) ===
=== Klassierung-Optimized Round-Robin Pairing ===
Exercises: 6, Players: 4
Round 1 - Total Klassierung Diff: 11
Round 2 - Total Klassierung Diff: 11
Round 3 - Total Klassierung Diff: 9

=== Selecting Best 6 Rounds ===
Exercise 1 - Diff Sum: 9
Exercise 2 - Diff Sum: 11
Exercise 3 - Diff Sum: 11
Exercise 4 - Diff Sum: 9 (reused)
Exercise 5 - Diff Sum: 11 (reused)
Exercise 6 - Diff Sum: 11 (reused)
Exercise 1 - Unpaired: Player 3
Exercise 2 - Unpaired: Player 1
Exercise 3 - Unpaired: Player 2
Exercise 4 - Unpaired: Player 3
Exercise 5 - Unpaired: Player 1
Exercise 6 - Unpaired: Player 2
]]></system-out>
  </testcase>
  <testcase name="generatePlan_shouldCreateValidSession" classname="com.example.trainingplanner.service.TrainingPlanServiceTest" time="0.014">
    <system-out><![CDATA[=== Rotating Unpaired Players (N=1) ===
=== Klassierung-Optimized Round-Robin Pairing ===
Exercises: 6, Players: 6
Round 1 - Total Klassierung Diff: 14
Round 2 - Total Klassierung Diff: 12
Round 3 - Total Klassierung Diff: 14
Round 4 - Total Klassierung Diff: 10
Round 5 - Total Klassierung Diff: 10

=== Selecting Best 6 Rounds ===
Exercise 1 - Diff Sum: 10
Exercise 2 - Diff Sum: 10
Exercise 3 - Diff Sum: 12
Exercise 4 - Diff Sum: 14
Exercise 5 - Diff Sum: 14
Exercise 6 - Diff Sum: 10 (reused)
Exercise 1 - Unpaired: Player 5
Exercise 2 - Unpaired: Player 3
Exercise 3 - Unpaired: Player 4
Exercise 4 - Unpaired: Player 1
Exercise 5 - Unpaired: Player 2
Exercise 6 - Unpaired: Player 5
Generated Plan: Generated plan with 6 exercises.
Number of Exercises: 6
Player Count: 5
]]></system-out>
  </testcase>
</testsuite>